2018-07-11 11:32:45 5748 [Note] Plugin 'FEDERATED' is disabled.
2018-07-11 11:32:45 5748 [Note] InnoDB: Using atomics to ref count buffer pool pages
2018-07-11 11:32:45 5748 [Note] InnoDB: The InnoDB memory heap is disabled
2018-07-11 11:32:45 5748 [Note] InnoDB: Mutexes and rw_locks use Windows interlocked functions
2018-07-11 11:32:45 5748 [Note] InnoDB: Memory barrier is not used
2018-07-11 11:32:45 5748 [Note] InnoDB: Compressed tables use zlib 1.2.3
2018-07-11 11:32:45 5748 [Note] InnoDB: Not using CPU crc32 instructions
2018-07-11 11:32:45 5748 [Note] InnoDB: Initializing buffer pool, size = 128.0M
2018-07-11 11:32:45 5748 [Note] InnoDB: Completed initialization of buffer pool
2018-07-11 11:32:45 5748 [Note] InnoDB: Highest supported file format is Barracuda.
2018-07-11 11:32:45 5748 [Note] InnoDB: 128 rollback segment(s) are active.
2018-07-11 11:32:45 5748 [Note] InnoDB: Waiting for purge to start
2018-07-11 11:32:45 5748 [Note] InnoDB: 5.6.23 started; log sequence number 1625977
2018-07-11 11:32:45 5748 [Warning] No existing UUID has been found, so we assume that this is the first time that this server has been started. Generating a new UUID: 1356c5dd-84bb-11e8-bf09-0021ccd0d3df.
2018-07-11 11:32:45 5748 [Note] Server hostname (bind-address): '*'; port: 3306
2018-07-11 11:32:45 5748 [Note] IPv6 is available.
2018-07-11 11:32:45 5748 [Note]   - '::' resolves to '::';
2018-07-11 11:32:45 5748 [Note] Server socket created on IP: '::'.
2018-07-11 11:32:45 5748 [Note] Event Scheduler: Loaded 0 events
2018-07-11 11:32:45 5748 [Note] MySQL: ready for connections.
Version: '5.6.23'  socket: ''  port: 3306  MySQL Community Server (GPL)
2018-07-16 08:55:48 1940 [Note] Plugin 'FEDERATED' is disabled.
2018-07-16 08:55:48 1940 [Note] InnoDB: Using atomics to ref count buffer pool pages
2018-07-16 08:55:48 1940 [Note] InnoDB: The InnoDB memory heap is disabled
2018-07-16 08:55:48 1940 [Note] InnoDB: Mutexes and rw_locks use Windows interlocked functions
2018-07-16 08:55:48 1940 [Note] InnoDB: Memory barrier is not used
2018-07-16 08:55:48 1940 [Note] InnoDB: Compressed tables use zlib 1.2.3
2018-07-16 08:55:48 1940 [Note] InnoDB: Not using CPU crc32 instructions
2018-07-16 08:55:48 1940 [Note] InnoDB: Initializing buffer pool, size = 128.0M
2018-07-16 08:55:48 1940 [Note] InnoDB: Completed initialization of buffer pool
2018-07-16 08:55:48 1940 [Note] InnoDB: Highest supported file format is Barracuda.
2018-07-16 08:55:48 1940 [Note] InnoDB: The log sequence numbers 1625977 and 1625977 in ibdata files do not match the log sequence number 2132215 in the ib_logfiles!
2018-07-16 08:55:48 1940 [Note] InnoDB: Database was not shutdown normally!
2018-07-16 08:55:48 1940 [Note] InnoDB: Starting crash recovery.
2018-07-16 08:55:48 1940 [Note] InnoDB: Reading tablespace information from the .ibd files...
2018-07-16 08:55:48 1940 [Note] InnoDB: Restoring possible half-written data pages 
2018-07-16 08:55:48 1940 [Note] InnoDB: from the doublewrite buffer...
2018-07-16 08:55:48 1940 [Note] InnoDB: 128 rollback segment(s) are active.
2018-07-16 08:55:48 1940 [Note] InnoDB: Waiting for purge to start
2018-07-16 08:55:48 1940 [Note] InnoDB: 5.6.23 started; log sequence number 2132215
2018-07-16 08:55:48 1940 [Note] Server hostname (bind-address): '*'; port: 3306
2018-07-16 08:55:48 1940 [Note] IPv6 is available.
2018-07-16 08:55:48 1940 [Note]   - '::' resolves to '::';
2018-07-16 08:55:48 1940 [Note] Server socket created on IP: '::'.
2018-07-16 08:55:48 1940 [Note] Event Scheduler: Loaded 0 events
2018-07-16 08:55:48 1940 [Note] MySQL: ready for connections.
Version: '5.6.23'  socket: ''  port: 3306  MySQL Community Server (GPL)
2018-07-18 10:13:30 1940 [Note] MySQL: Normal shutdown

2018-07-18 10:13:30 1940 [Note] Giving 0 client threads a chance to die gracefully
2018-07-18 10:13:30 1940 [Note] Event Scheduler: Purging the queue. 0 events
2018-07-18 10:13:30 1940 [Note] Shutting down slave threads
2018-07-18 10:13:30 1940 [Note] Forcefully disconnecting 0 remaining clients
2018-07-18 10:13:30 1940 [Note] Binlog end
2018-07-18 10:13:30 1940 [Note] Shutting down plugin 'partition'
2018-07-18 10:13:30 1940 [Note] Shutting down plugin 'PERFORMANCE_SCHEMA'
2018-07-18 10:13:30 1940 [Note] Shutting down plugin 'INNODB_SYS_DATAFILES'
2018-07-18 10:13:30 1940 [Note] Shutting down plugin 'INNODB_SYS_TABLESPACES'
2018-07-18 10:13:30 1940 [Note] Shutting down plugin 'INNODB_SYS_FOREIGN_COLS'
2018-07-18 10:13:30 1940 [Note] Shutting down plugin 'INNODB_SYS_FOREIGN'
2018-07-18 10:13:30 1940 [Note] Shutting down plugin 'INNODB_SYS_FIELDS'
2018-07-18 10:13:30 1940 [Note] Shutting down plugin 'INNODB_SYS_COLUMNS'
2018-07-18 10:13:30 1940 [Note] Shutting down plugin 'INNODB_SYS_INDEXES'
2018-07-18 10:13:30 1940 [Note] Shutting down plugin 'INNODB_SYS_TABLESTATS'
2018-07-18 10:13:30 1940 [Note] Shutting down plugin 'INNODB_SYS_TABLES'
2018-07-18 10:13:30 1940 [Note] Shutting down plugin 'INNODB_FT_INDEX_TABLE'
2018-07-18 10:13:30 1940 [Note] Shutting down plugin 'INNODB_FT_INDEX_CACHE'
2018-07-18 10:13:30 1940 [Note] Shutting down plugin 'INNODB_FT_CONFIG'
2018-07-18 10:13:30 1940 [Note] Shutting down plugin 'INNODB_FT_BEING_DELETED'
2018-07-18 10:13:30 1940 [Note] Shutting down plugin 'INNODB_FT_DELETED'
2018-07-18 10:13:30 1940 [Note] Shutting down plugin 'INNODB_FT_DEFAULT_STOPWORD'
2018-07-18 10:13:30 1940 [Note] Shutting down plugin 'INNODB_METRICS'
2018-07-18 10:13:30 1940 [Note] Shutting down plugin 'INNODB_BUFFER_POOL_STATS'
2018-07-18 10:13:30 1940 [Note] Shutting down plugin 'INNODB_BUFFER_PAGE_LRU'
2018-07-18 10:13:30 1940 [Note] Shutting down plugin 'INNODB_BUFFER_PAGE'
2018-07-18 10:13:30 1940 [Note] Shutting down plugin 'INNODB_CMP_PER_INDEX_RESET'
2018-07-18 10:13:30 1940 [Note] Shutting down plugin 'INNODB_CMP_PER_INDEX'
2018-07-18 10:13:30 1940 [Note] Shutting down plugin 'INNODB_CMPMEM_RESET'
2018-07-18 10:13:30 1940 [Note] Shutting down plugin 'INNODB_CMPMEM'
2018-07-18 10:13:30 1940 [Note] Shutting down plugin 'INNODB_CMP_RESET'
2018-07-18 10:13:30 1940 [Note] Shutting down plugin 'INNODB_CMP'
2018-07-18 10:13:30 1940 [Note] Shutting down plugin 'INNODB_LOCK_WAITS'
2018-07-18 10:13:30 1940 [Note] Shutting down plugin 'INNODB_LOCKS'
2018-07-18 10:13:30 1940 [Note] Shutting down plugin 'INNODB_TRX'
2018-07-18 10:13:30 1940 [Note] Shutting down plugin 'InnoDB'
2018-07-18 10:13:30 1940 [Note] InnoDB: FTS optimize thread exiting.
2018-07-18 10:13:30 1940 [Note] InnoDB: Starting shutdown...
2018-07-18 10:13:31 1940 [Note] InnoDB: Shutdown completed; log sequence number 2196807
2018-07-18 10:13:31 1940 [Note] Shutting down plugin 'BLACKHOLE'
2018-07-18 10:13:31 1940 [Note] Shutting down plugin 'ARCHIVE'
2018-07-18 10:13:31 1940 [Note] Shutting down plugin 'MRG_MYISAM'
2018-07-18 10:13:31 1940 [Note] Shutting down plugin 'MyISAM'
2018-07-18 10:13:31 1940 [Note] Shutting down plugin 'MEMORY'
2018-07-18 10:13:31 1940 [Note] Shutting down plugin 'CSV'
2018-07-18 10:13:31 1940 [Note] Shutting down plugin 'sha256_password'
2018-07-18 10:13:31 1940 [Note] Shutting down plugin 'mysql_old_password'
2018-07-18 10:13:31 1940 [Note] Shutting down plugin 'mysql_native_password'
2018-07-18 10:13:31 1940 [Note] Shutting down plugin 'binlog'
2018-07-18 10:13:31 1940 [Note] MySQL: Shutdown complete

2018-07-18 10:14:07 1936 [Note] Plugin 'FEDERATED' is disabled.
2018-07-18 10:14:07 1936 [Note] InnoDB: Using atomics to ref count buffer pool pages
2018-07-18 10:14:07 1936 [Note] InnoDB: The InnoDB memory heap is disabled
2018-07-18 10:14:07 1936 [Note] InnoDB: Mutexes and rw_locks use Windows interlocked functions
2018-07-18 10:14:07 1936 [Note] InnoDB: Memory barrier is not used
2018-07-18 10:14:07 1936 [Note] InnoDB: Compressed tables use zlib 1.2.3
2018-07-18 10:14:07 1936 [Note] InnoDB: Not using CPU crc32 instructions
2018-07-18 10:14:07 1936 [Note] InnoDB: Initializing buffer pool, size = 128.0M
2018-07-18 10:14:07 1936 [Note] InnoDB: Completed initialization of buffer pool
2018-07-18 10:14:07 1936 [Note] InnoDB: Highest supported file format is Barracuda.
2018-07-18 10:14:07 1936 [Note] InnoDB: 128 rollback segment(s) are active.
2018-07-18 10:14:07 1936 [Note] InnoDB: Waiting for purge to start
2018-07-18 10:14:07 1936 [Note] InnoDB: 5.6.23 started; log sequence number 2196807
2018-07-18 10:14:07 1936 [Note] Server hostname (bind-address): '*'; port: 3306
2018-07-18 10:14:07 1936 [Note] IPv6 is available.
2018-07-18 10:14:07 1936 [Note]   - '::' resolves to '::';
2018-07-18 10:14:07 1936 [Note] Server socket created on IP: '::'.
2018-07-18 10:14:07 1936 [Note] Event Scheduler: Loaded 0 events
2018-07-18 10:14:07 1936 [Note] MySQL: ready for connections.
Version: '5.6.23'  socket: ''  port: 3306  MySQL Community Server (GPL)
2018-07-18 17:40:50 1936 [Note] MySQL: Normal shutdown

2018-07-18 17:40:50 1936 [Note] Giving 0 client threads a chance to die gracefully
2018-07-18 17:40:50 1936 [Note] Event Scheduler: Purging the queue. 0 events
2018-07-18 17:40:50 1936 [Note] Shutting down slave threads
2018-07-18 17:40:50 1936 [Note] Forcefully disconnecting 0 remaining clients
2018-07-18 17:40:50 1936 [Note] Binlog end
2018-07-18 17:40:50 1936 [Note] Shutting down plugin 'partition'
2018-07-18 17:40:50 1936 [Note] Shutting down plugin 'PERFORMANCE_SCHEMA'
2018-07-18 17:40:50 1936 [Note] Shutting down plugin 'INNODB_SYS_DATAFILES'
2018-07-18 17:40:50 1936 [Note] Shutting down plugin 'INNODB_SYS_TABLESPACES'
2018-07-18 17:40:50 1936 [Note] Shutting down plugin 'INNODB_SYS_FOREIGN_COLS'
2018-07-18 17:40:50 1936 [Note] Shutting down plugin 'INNODB_SYS_FOREIGN'
2018-07-18 17:40:50 1936 [Note] Shutting down plugin 'INNODB_SYS_FIELDS'
2018-07-18 17:40:50 1936 [Note] Shutting down plugin 'INNODB_SYS_COLUMNS'
2018-07-18 17:40:50 1936 [Note] Shutting down plugin 'INNODB_SYS_INDEXES'
2018-07-18 17:40:50 1936 [Note] Shutting down plugin 'INNODB_SYS_TABLESTATS'
2018-07-18 17:40:50 1936 [Note] Shutting down plugin 'INNODB_SYS_TABLES'
2018-07-18 17:40:50 1936 [Note] Shutting down plugin 'INNODB_FT_INDEX_TABLE'
2018-07-18 17:40:50 1936 [Note] Shutting down plugin 'INNODB_FT_INDEX_CACHE'
2018-07-18 17:40:50 1936 [Note] Shutting down plugin 'INNODB_FT_CONFIG'
2018-07-18 17:40:50 1936 [Note] Shutting down plugin 'INNODB_FT_BEING_DELETED'
2018-07-18 17:40:50 1936 [Note] Shutting down plugin 'INNODB_FT_DELETED'
2018-07-18 17:40:50 1936 [Note] Shutting down plugin 'INNODB_FT_DEFAULT_STOPWORD'
2018-07-18 17:40:50 1936 [Note] Shutting down plugin 'INNODB_METRICS'
2018-07-18 17:40:50 1936 [Note] Shutting down plugin 'INNODB_BUFFER_POOL_STATS'
2018-07-18 17:40:50 1936 [Note] Shutting down plugin 'INNODB_BUFFER_PAGE_LRU'
2018-07-18 17:40:50 1936 [Note] Shutting down plugin 'INNODB_BUFFER_PAGE'
2018-07-18 17:40:50 1936 [Note] Shutting down plugin 'INNODB_CMP_PER_INDEX_RESET'
2018-07-18 17:40:50 1936 [Note] Shutting down plugin 'INNODB_CMP_PER_INDEX'
2018-07-18 17:40:50 1936 [Note] Shutting down plugin 'INNODB_CMPMEM_RESET'
2018-07-18 17:40:50 1936 [Note] Shutting down plugin 'INNODB_CMPMEM'
2018-07-18 17:40:50 1936 [Note] Shutting down plugin 'INNODB_CMP_RESET'
2018-07-18 17:40:50 1936 [Note] Shutting down plugin 'INNODB_CMP'
2018-07-18 17:40:50 1936 [Note] Shutting down plugin 'INNODB_LOCK_WAITS'
2018-07-18 17:40:50 1936 [Note] Shutting down plugin 'INNODB_LOCKS'
2018-07-18 17:40:50 1936 [Note] Shutting down plugin 'INNODB_TRX'
2018-07-18 17:40:50 1936 [Note] Shutting down plugin 'InnoDB'
2018-07-18 17:40:50 1936 [Note] InnoDB: FTS optimize thread exiting.
2018-07-18 17:40:50 1936 [Note] InnoDB: Starting shutdown...
2018-07-18 17:40:51 1936 [Note] InnoDB: Shutdown completed; log sequence number 2277419
2018-07-18 17:40:51 1936 [Note] Shutting down plugin 'BLACKHOLE'
2018-07-18 17:40:51 1936 [Note] Shutting down plugin 'ARCHIVE'
2018-07-18 17:40:51 1936 [Note] Shutting down plugin 'MRG_MYISAM'
2018-07-18 17:40:51 1936 [Note] Shutting down plugin 'MyISAM'
2018-07-18 17:40:51 1936 [Note] Shutting down plugin 'MEMORY'
2018-07-18 17:40:51 1936 [Note] Shutting down plugin 'CSV'
2018-07-18 17:40:51 1936 [Note] Shutting down plugin 'sha256_password'
2018-07-18 17:40:51 1936 [Note] Shutting down plugin 'mysql_old_password'
2018-07-18 17:40:51 1936 [Note] Shutting down plugin 'mysql_native_password'
2018-07-18 17:40:51 1936 [Note] Shutting down plugin 'binlog'
2018-07-18 17:40:51 1936 [Note] MySQL: Shutdown complete

2018-07-19 09:05:55 3848 [Note] Plugin 'FEDERATED' is disabled.
2018-07-19 09:05:55 3848 [Note] InnoDB: Using atomics to ref count buffer pool pages
2018-07-19 09:05:55 3848 [Note] InnoDB: The InnoDB memory heap is disabled
2018-07-19 09:05:55 3848 [Note] InnoDB: Mutexes and rw_locks use Windows interlocked functions
2018-07-19 09:05:55 3848 [Note] InnoDB: Memory barrier is not used
2018-07-19 09:05:55 3848 [Note] InnoDB: Compressed tables use zlib 1.2.3
2018-07-19 09:05:55 3848 [Note] InnoDB: Not using CPU crc32 instructions
2018-07-19 09:05:55 3848 [Note] InnoDB: Initializing buffer pool, size = 128.0M
2018-07-19 09:05:55 3848 [Note] InnoDB: Completed initialization of buffer pool
2018-07-19 09:05:55 3848 [Note] InnoDB: Highest supported file format is Barracuda.
2018-07-19 09:05:55 3848 [Note] InnoDB: 128 rollback segment(s) are active.
2018-07-19 09:05:55 3848 [Note] InnoDB: Waiting for purge to start
2018-07-19 09:05:55 3848 [Note] InnoDB: 5.6.23 started; log sequence number 2277419
2018-07-19 09:05:56 3848 [Note] Server hostname (bind-address): '*'; port: 3306
2018-07-19 09:05:56 3848 [Note] IPv6 is available.
2018-07-19 09:05:56 3848 [Note]   - '::' resolves to '::';
2018-07-19 09:05:56 3848 [Note] Server socket created on IP: '::'.
2018-07-19 09:05:56 3848 [Note] Event Scheduler: Loaded 0 events
2018-07-19 09:05:56 3848 [Note] MySQL: ready for connections.
Version: '5.6.23'  socket: ''  port: 3306  MySQL Community Server (GPL)
